Using TensorFlow backend.
Inside getModel
 Got the model 
Inside getModel
 Got the model 
036_0052.jpg
036_0083.jpg
036_0029.jpg
036_0055.jpg
036_0084.jpg
036_0027.jpg
036_0103.jpg
036_0104.jpg
036_0020.jpg
036_0069.jpg
036_0015.jpg
036_0012.jpg
036_0060.jpg
036_0067.jpg
036_0076.jpg
036_0071.jpg
036_0003.jpg
036_0078.jpg
036_0004.jpg
036_0031.jpg
036_0036.jpg
036_0038.jpg
036_0095.jpg
036_0044.jpg
036_0092.jpg
036_0043.jpg
036_0066.jpg
036_0061.jpg
036_0013.jpg
036_0068.jpg
036_0014.jpg
036_0105.jpg
036_0021.jpg
036_0026.jpg
036_0102.jpg
036_0028.jpg
036_0054.jpg
036_0085.jpg
036_0053.jpg
036_0082.jpg
036_0093.jpg
036_0042.jpg
036_0039.jpg
036_0094.jpg
036_0045.jpg
036_0037.jpg
036_0030.jpg
036_0079.jpg
036_0005.jpg
036_0002.jpg
036_0070.jpg
036_0077.jpg
036_0097.jpg
036_0046.jpg
036_0090.jpg
036_0041.jpg
036_0033.jpg
036_0034.jpg
036_0099.jpg
036_0048.jpg
036_0001.jpg
036_0006.jpg
036_0074.jpg
036_0008.jpg
036_0073.jpg
036_0062.jpg
036_0065.jpg
036_0019.jpg
036_0017.jpg
036_0010.jpg
036_0025.jpg
036_0101.jpg
036_0059.jpg
036_0088.jpg
036_0106.jpg
036_0022.jpg
036_0050.jpg
036_0081.jpg
036_0057.jpg
036_0086.jpg
036_0072.jpg
036_0075.jpg
036_0009.jpg
036_0007.jpg
036_0035.jpg
036_0098.jpg
Found 0 images belonging to 0 classes.
____________________________________________________________________________________________________
Layer (type)                     Output Shape          Param #     Connected to                     
====================================================================================================
input_2 (InputLayer)             (None, 224, 224, 3)   0                                            
____________________________________________________________________________________________________
block1_conv1 (Convolution2D)     (None, 224, 224, 64)  1792        input_2[0][0]                    
____________________________________________________________________________________________________
block1_conv2 (Convolution2D)     (None, 224, 224, 64)  36928       block1_conv1[0][0]               
____________________________________________________________________________________________________
block1_pool (MaxPooling2D)       (None, 112, 112, 64)  0           block1_conv2[0][0]               
____________________________________________________________________________________________________
block2_conv1 (Convolution2D)     (None, 112, 112, 128) 73856       block1_pool[0][0]                
____________________________________________________________________________________________________
block2_conv2 (Convolution2D)     (None, 112, 112, 128) 147584      block2_conv1[0][0]               
____________________________________________________________________________________________________
block2_pool (MaxPooling2D)       (None, 56, 56, 128)   0           block2_conv2[0][0]               
____________________________________________________________________________________________________
block3_conv1 (Convolution2D)     (None, 56, 56, 256)   295168      block2_pool[0][0]                
____________________________________________________________________________________________________
block3_conv2 (Convolution2D)     (None, 56, 56, 256)   590080      block3_conv1[0][0]               
____________________________________________________________________________________________________
block3_conv3 (Convolution2D)     (None, 56, 56, 256)   590080      block3_conv2[0][0]               
____________________________________________________________________________________________________
block3_pool (MaxPooling2D)       (None, 28, 28, 256)   0           block3_conv3[0][0]               
____________________________________________________________________________________________________
block4_conv1 (Convolution2D)     (None, 28, 28, 512)   1180160     block3_pool[0][0]                
____________________________________________________________________________________________________
block4_conv2 (Convolution2D)     (None, 28, 28, 512)   2359808     block4_conv1[0][0]               
____________________________________________________________________________________________________
block4_conv3 (Convolution2D)     (None, 28, 28, 512)   2359808     block4_conv2[0][0]               
____________________________________________________________________________________________________
block4_pool (MaxPooling2D)       (None, 14, 14, 512)   0           block4_conv3[0][0]               
____________________________________________________________________________________________________
block5_conv1 (Convolution2D)     (None, 14, 14, 512)   2359808     block4_pool[0][0]                
____________________________________________________________________________________________________
block5_conv2 (Convolution2D)     (None, 14, 14, 512)   2359808     block5_conv1[0][0]               
____________________________________________________________________________________________________
block5_conv3 (Convolution2D)     (None, 14, 14, 512)   2359808     block5_conv2[0][0]               
____________________________________________________________________________________________________
block5_pool (MaxPooling2D)       (None, 7, 7, 512)     0           block5_conv3[0][0]               
____________________________________________________________________________________________________
flatten (Flatten)                (None, 25088)         0           block5_pool[0][0]                
____________________________________________________________________________________________________
fc1 (Dense)                      (None, 4096)          102764544   flatten[0][0]                    
____________________________________________________________________________________________________
fc2 (Dense)                      (None, 4096)          16781312    fc1[0][0]                        
____________________________________________________________________________________________________
predictions (Dense)              (None, 1000)          4097000     fc2[0][0]                        
====================================================================================================
Total params: 138357544
____________________________________________________________________________________________________
